Arguments: 
  C:\Program Files\nodejs\node.exe C:\Users\lokes\AppData\Roaming\npm\node_modules\yarn\bin\yarn.js

PATH: 
  C:\Users\lokes\bin;C:\Program Files\Git\mingw64\bin;C:\Program Files\Git\usr\local\bin;C:\Program Files\Git\usr\bin;C:\Program Files\Git\usr\bin;C:\Program Files\Git\mingw64\bin;C:\Program Files\Git\usr\bin;C:\Users\lokes\bin;C:\Windows\system32;C:\Windows;C:\Windows\System32\Wbem;C:\Windows\System32\WindowsPowerShell\v1.0;C:\Windows\System32\OpenSSH;C:\Program Files\Git\cmd;C:\Program Files\nodejs;C:\Program Files (x86)\mingw-w64\i686-8.1.0-posix-dwarf-rt_v6-rev0\mingw32\bin;C:\Program Files\PuTTY;C:\Users\lokes\AppData\Local\Programs\Python\Python310\Scripts;C:\Users\lokes\AppData\Local\Programs\Python\Python310;C:\Users\lokes\AppData\Local\Microsoft\WindowsApps;C:\Users\lokes\AppData\Roaming\npm;C:\Users\lokes\AppData\Local\Programs\Microsoft VS Code\bin;C:\Users\lokes\AppData\Local\Programs\mongosh;C:\Program Files\Git\usr\bin\vendor_perl;C:\Program Files\Git\usr\bin\core_perl

Yarn version: 
  1.22.17

Node version: 
  16.13.0

Platform: 
  win32 x64

Trace: 
  Error: EPERM: operation not permitted, unlink 'C:\Users\lokes\AppData\Local\Yarn\Cache\v6\npm-date-fns-2.27.0-e1ff3c3ddbbab8a2eaadbb6106be2929a5a2d92b-integrity\node_modules\date-fns\.yarn-tarball.tgz'

npm manifest: 
  {
    "name": "my-app",
    "version": "0.1.0",
    "private": true,
    "dependencies": {
      "bootstrap": "^4.3.1",
      "mdbreact": "^4.20.0",
      "moment": "^2.24.0",
      "qrcode.react": "^0.9.3",
      "react": "^16.8.6",
      "react-bootstrap": "^1.0.0-beta.6",
      "react-chartjs-2": "^2.8.0",
      "react-datepicker": "^2.5.0",
      "react-dom": "^16.8.6",
      "react-images-upload": "^1.2.6",
      "react-moment": "^0.9.2",
      "react-rating": "^1.6.2",
      "react-router-dom": "^5.0.0",
      "react-scripts": "2.1.8",
      "react-select": "^2.4.3",
      "react-toastify": "^5.0.0-rc.6",
      "reactstrap": "^8.0.1"
    },
    "scripts": {
      "start": "set PORT=3002 && react-scripts start",
      "build": "react-scripts build",
      "test": "react-scripts test",
      "eject": "react-scripts eject"
    },
    "eslintConfig": {
      "extends": "react-app"
    },
    "browserslist": [
      ">0.2%",
      "not dead",
      "not ie <= 11",
      "not op_mini all"
    ]
  }

yarn manifest: 
  No manifest

Lockfile: 
  No lockfile
